[debug] [2023-12-17T07:32:45.745Z] ----------------------------------------------------------------------
[debug] [2023-12-17T07:32:45.749Z] Command:       /home/z0422@ad.ziffity.com/.nvm/versions/node/v20.10.0/bin/node /home/z0422@ad.ziffity.com/.nvm/versions/node/v20.10.0/bin/firebase init
[debug] [2023-12-17T07:32:45.749Z] CLI Version:   13.0.2
[debug] [2023-12-17T07:32:45.749Z] Platform:      linux
[debug] [2023-12-17T07:32:45.750Z] Node Version:  v20.10.0
[debug] [2023-12-17T07:32:45.750Z] Time:          Sun Dec 17 2023 13:02:45 GMT+0530 (India Standard Time)
[debug] [2023-12-17T07:32:45.750Z] ----------------------------------------------------------------------
[debug] 
[debug] [2023-12-17T07:32:45.830Z] > command requires scopes: ["email","openid","https://www.googleapis.com/auth/cloudplatformprojects.readonly","https://www.googleapis.com/auth/firebase","https://www.googleapis.com/auth/cloud-platform"]
[debug] [2023-12-17T07:32:45.831Z] > authorizing via signed-in user (shanthiyasekar@gmail.com)
[info] 
     ######## #### ########  ######## ########     ###     ######  ########
     ##        ##  ##     ## ##       ##     ##  ##   ##  ##       ##
     ######    ##  ########  ######   ########  #########  ######  ######
     ##        ##  ##    ##  ##       ##     ## ##     ##       ## ##
     ##       #### ##     ## ######## ########  ##     ##  ######  ########

You're about to initialize a Firebase project in this directory:

  /home/z0422@ad.ziffity.com/my-node-project/facebook-messenger-clone

Before we get started, keep in mind:

  * You are initializing within an existing Firebase project directory

[info] 
=== Project Setup
[info] 
[info] First, let's associate this project directory with a Firebase project.
[info] You can create multiple project aliases by running firebase use --add, 
[info] but for now we'll just set up a default project.
[info] 
[debug] [2023-12-17T07:32:51.920Z] Using project from CLI flag: facebook-clone-178d5
[debug] [2023-12-17T07:32:51.925Z] >>> [apiv2][query] GET https://firebase.googleapis.com/v1beta1/projects/facebook-clone-178d5 [none]
[debug] [2023-12-17T07:32:52.508Z] <<< [apiv2][status] GET https://firebase.googleapis.com/v1beta1/projects/facebook-clone-178d5 200
[debug] [2023-12-17T07:32:52.509Z] <<< [apiv2][body] GET https://firebase.googleapis.com/v1beta1/projects/facebook-clone-178d5 {"projectId":"facebook-clone-178d5","projectNumber":"564133910390","displayName":"facebook-clone","name":"projects/facebook-clone-178d5","resources":{"hostingSite":"facebook-clone-178d5"},"state":"ACTIVE","etag":"1_64324bbd-4060-4de9-8709-b574dc6cb0d8"}
[info] i  Using project facebook-clone-178d5 (facebook-clone) 
[info] 
=== Hosting Setup
[debug] [2023-12-17T07:32:52.517Z] >>> [apiv2][query] GET https://firebase.googleapis.com/v1beta1/projects/facebook-clone-178d5 [none]
[debug] [2023-12-17T07:32:52.931Z] <<< [apiv2][status] GET https://firebase.googleapis.com/v1beta1/projects/facebook-clone-178d5 200
[debug] [2023-12-17T07:32:52.932Z] <<< [apiv2][body] GET https://firebase.googleapis.com/v1beta1/projects/facebook-clone-178d5 {"projectId":"facebook-clone-178d5","projectNumber":"564133910390","displayName":"facebook-clone","name":"projects/facebook-clone-178d5","resources":{"hostingSite":"facebook-clone-178d5"},"state":"ACTIVE","etag":"1_64324bbd-4060-4de9-8709-b574dc6cb0d8"}
[info] 
[info] Your public directory is the folder (relative to your project directory) that
[info] will contain Hosting assets to be uploaded with firebase deploy. If you
[info] have a build process for your assets, use your build's output directory.
[info] 
[info] ✔  Wrote build/404.html 
[debug] [2023-12-17T07:33:07.118Z] >>> [apiv2][query] GET https://www.gstatic.com/firebasejs/releases.json [none]
[debug] [2023-12-17T07:33:07.428Z] <<< [apiv2][status] GET https://www.gstatic.com/firebasejs/releases.json 200
[debug] [2023-12-17T07:33:07.429Z] <<< [apiv2][body] GET https://www.gstatic.com/firebasejs/releases.json {"current":{"version":"10.7.1","browserURL":"https://www.gstatic.com/firebasejs/10.7.1/firebase.js","packageURL":"https://www.gstatic.com/firebasejs/10.7.1/firebase.tgz"},"live":{"version":"10.7","browserURL":"https://www.gstatic.com/firebasejs/live/10.7/firebase.js","packageURL":"https://www.gstatic.com/firebasejs/live/10.7/firebase.tgz"},"components":{"analytics":"https://www.gstatic.com/firebasejs/10.7.1/firebase-analytics.js","app":"https://www.gstatic.com/firebasejs/10.7.1/firebase-app.js","app-check":"https://www.gstatic.com/firebasejs/10.7.1/firebase-app-check.js","auth":"https://www.gstatic.com/firebasejs/10.7.1/firebase-auth.js","auth/cordova":"https://www.gstatic.com/firebasejs/10.7.1/firebase-auth/cordova.js","functions":"https://www.gstatic.com/firebasejs/10.7.1/firebase-functions.js","firestore":"https://www.gstatic.com/firebasejs/10.7.1/firebase-firestore.js","firestore/lite":"https://www.gstatic.com/firebasejs/10.7.1/firebase-firestore/lite.js","installations":"https://www.gstatic.com/firebasejs/10.7.1/firebase-installations.js","storage":"https://www.gstatic.com/firebasejs/10.7.1/firebase-storage.js","performance":"https://www.gstatic.com/firebasejs/10.7.1/firebase-performance.js","remote-config":"https://www.gstatic.com/firebasejs/10.7.1/firebase-remote-config.js","messaging":"https://www.gstatic.com/firebasejs/10.7.1/firebase-messaging.js","messaging/sw":"https://www.gstatic.com/firebasejs/10.7.1/firebase-messaging/sw.js","database":"https://www.gstatic.com/firebasejs/10.7.1/firebase-database.js","firestore.memory":"https://www.gstatic.com/firebasejs/10.7.1/firebase-firestore.memory.js"}}
[info] i  Skipping write of build/index.html 
[info] 
[info] i  Detected a .git folder at /home/z0422@ad.ziffity.com/my-node-project 
[info] i  Authorizing with GitHub to upload your service account to a GitHub repository's secrets store. 
[info] 
[info] Visit this URL on this device to log in:
[info] https://github.com/login/oauth/authorize?client_id=89cf50f02ac6aaed3484&state=21736436&redirect_uri=http%3A%2F%2Flocalhost%3A9005&scope=read%3Auser%20repo%20public_repo
[info] 
[info] Waiting for authentication...
[debug] [2023-12-17T07:33:10.255Z] >>> [apiv2][query] POST https://github.com/login/oauth/access_token [none]
[debug] [2023-12-17T07:33:10.256Z] >>> [apiv2][body] POST https://github.com/login/oauth/access_token [stream]
[debug] [2023-12-17T07:33:10.627Z] <<< [apiv2][status] POST https://github.com/login/oauth/access_token 200
[debug] [2023-12-17T07:33:10.628Z] <<< [apiv2][body] POST https://github.com/login/oauth/access_token {"access_token":"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","token_type":"bearer","scope":"read:user,repo"}
[debug] [2023-12-17T07:33:10.638Z] >>> [apiv2][query] GET https://api.github.com/user [none]
[debug] [2023-12-17T07:33:11.066Z] <<< [apiv2][status] GET https://api.github.com/user 200
[debug] [2023-12-17T07:33:11.067Z] <<< [apiv2][body] GET https://api.github.com/user {"login":"shanthiyasekar","id":64583849,"node_id":"MDQ6VXNlcjY0NTgzODQ5","avatar_url":"https://avatars.githubusercontent.com/u/64583849?v=4","gravatar_id":"","url":"https://api.github.com/users/shanthiyasekar","html_url":"https://github.com/shanthiyasekar","followers_url":"https://api.github.com/users/shanthiyasekar/followers","following_url":"https://api.github.com/users/shanthiyasekar/following{/other_user}","gists_url":"https://api.github.com/users/shanthiyasekar/gists{/gist_id}","starred_url":"https://api.github.com/users/shanthiyasekar/starred{/owner}{/repo}","subscriptions_url":"https://api.github.com/users/shanthiyasekar/subscriptions","organizations_url":"https://api.github.com/users/shanthiyasekar/orgs","repos_url":"https://api.github.com/users/shanthiyasekar/repos","events_url":"https://api.github.com/users/shanthiyasekar/events{/privacy}","received_events_url":"https://api.github.com/users/shanthiyasekar/received_events","type":"User","site_admin":false,"name":null,"company":null,"blog":"","location":null,"email":null,"hireable":null,"bio":null,"twitter_username":null,"public_repos":21,"public_gists":0,"followers":0,"following":0,"created_at":"2020-04-30T09:15:53Z","updated_at":"2023-12-16T17:18:38Z","private_gists":0,"total_private_repos":3,"owned_private_repos":3,"disk_usage":35683,"collaborators":1,"two_factor_authentication":false,"plan":{"name":"free","space":976562499,"collaborators":0,"private_repos":10000}}
[info] 
[info] ✔  Success! Logged into GitHub as shanthiyasekar 
[info] 
